#
# There is insufficient memory for the Java Runtime Environment to continue.
# Native memory allocation (malloc) failed to allocate 1160648 bytes for Chunk::new
# Possible reasons:
#   The system is out of physical RAM or swap space
#   In 32 bit mode, the process size limit was hit
# Possible solutions:
#   Reduce memory load on the system
#   Increase physical memory or swap space
#   Check if swap backing store is full
#   Use 64 bit Java on a 64 bit OS
#   Decrease Java heap size (-Xmx/-Xms)
#   Decrease number of Java threads
#   Decrease Java thread stack sizes (-Xss)
#   Set larger code cache with -XX:ReservedCodeCacheSize=
# This output file may be truncated or incomplete.
#
#  Out of Memory Error (allocation.cpp:390), pid=5516, tid=0x000015b4
#
# JRE version: OpenJDK Runtime Environment (8.0_76-b03) (build 1.8.0_76-release-b03)
# Java VM: OpenJDK Server VM (25.76-b03 mixed mode windows-x86 )
# Failed to write core dump. Minidumps are not enabled by default on client versions of Windows
#

---------------  T H R E A D  ---------------

Current thread (0x54bb7800):  JavaThread "C2 CompilerThread0" daemon [_thread_in_native, id=5556, stack(0x54fb0000,0x55000000)]

Stack: [0x54fb0000,0x55000000],  sp=0x54ffde5c,  free space=311k
Native frames: (J=compiled Java code, j=interpreted, Vv=VM code, C=native code)
V  [jvm.dll+0x1a193b]
V  [jvm.dll+0x19a228]
V  [jvm.dll+0x7bd91]
V  [jvm.dll+0x7c2b7]
V  [jvm.dll+0x319322]
V  [jvm.dll+0x2f089d]
V  [jvm.dll+0x2f8c37]
V  [jvm.dll+0x2fa34a]
V  [jvm.dll+0x2e40c6]
V  [jvm.dll+0x5f624]
V  [jvm.dll+0x5fdaf]
V  [jvm.dll+0x17588c]
V  [jvm.dll+0x17596b]
V  [jvm.dll+0x1b4576]
C  [msvcr100.dll+0x5c556]
C  [msvcr100.dll+0x5c600]
C  [kernel32.dll+0x13677]
C  [ntdll.dll+0x39d72]
C  [ntdll.dll+0x39d45]
C  0x00000000


Current CompileTask:
C2:3641830 29172   !   4       com.android.ide.common.res2.DataMerger::mergeData (603 bytes)


---------------  P R O C E S S  ---------------

Java Threads: ( => current thread )
  0x5cb48000 JavaThread "pool-31-thread-1" [_thread_in_native, id=3248, stack(0x658c0000,0x65910000)]
  0x64e46000 JavaThread "pool-30-thread-4" [_thread_blocked, id=5604, stack(0x65980000,0x659d0000)]
  0x64e42c00 JavaThread "pool-30-thread-3" [_thread_blocked, id=5896, stack(0x65670000,0x656c0000)]
  0x64e46400 JavaThread "pool-30-thread-2" [_thread_blocked, id=1508, stack(0x65850000,0x658a0000)]
  0x64e45800 JavaThread "pool-30-thread-1" [_thread_blocked, id=4448, stack(0x65740000,0x65790000)]
  0x64e43400 JavaThread "Stdin handler" [_thread_blocked, id=2272, stack(0x57940000,0x57990000)]
  0x585e6000 JavaThread "Asynchronous log dispatcher for org.gradle.launcher.daemon.server.DefaultDaemonConnection@e4c96e" [_thread_blocked, id=3312, stack(0x5a2f0000,0x5a340000)]
  0x585e5000 JavaThread "Daemon worker Thread 6" [_thread_in_native, id=4940, stack(0x642e0000,0x64330000)]
  0x585e3400 JavaThread "Cancel handler" [_thread_blocked, id=4112, stack(0x64210000,0x64260000)]
  0x585e4c00 JavaThread "Handler for socket connection from /127.0.0.1:59501 to /127.0.0.1:63189" [_thread_in_native, id=5536, stack(0x641c0000,0x64210000)]
  0x585e2c00 JavaThread "Daemon Thread 6" [_thread_blocked, id=3268, stack(0x5a2a0000,0x5a2f0000)]
  0x5859ec00 JavaThread "stdout" daemon [_thread_in_native, id=4356, stack(0x5fd00000,0x5fd50000)]
  0x5859e400 JavaThread "stderr" daemon [_thread_in_native, id=5996, stack(0x5fbc0000,0x5fc10000)]
  0x5859e000 JavaThread "stdout" daemon [_thread_in_native, id=3468, stack(0x5fb70000,0x5fbc0000)]
  0x5859d800 JavaThread "stderr" daemon [_thread_in_native, id=2256, stack(0x5fa90000,0x5fae0000)]
  0x5859d400 JavaThread "stdout" daemon [_thread_in_native, id=4780, stack(0x5f8b0000,0x5f900000)]
  0x56bbc400 JavaThread "stderr" daemon [_thread_in_native, id=2852, stack(0x5f9b0000,0x5fa00000)]
  0x56bbc000 JavaThread "stdout" daemon [_thread_in_native, id=5036, stack(0x5f7c0000,0x5f810000)]
  0x56bbb800 JavaThread "stderr" daemon [_thread_in_native, id=5092, stack(0x5f6b0000,0x5f700000)]
  0x56bbb400 JavaThread "stdout" daemon [_thread_in_native, id=3212, stack(0x5f720000,0x5f770000)]
  0x56bbac00 JavaThread "stderr" daemon [_thread_in_native, id=1084, stack(0x5f4f0000,0x5f540000)]
  0x56bba400 JavaThread "stdout" daemon [_thread_in_native, id=3112, stack(0x5f3c0000,0x5f410000)]
  0x56bba000 JavaThread "stderr" daemon [_thread_in_native, id=2144, stack(0x5f250000,0x5f2a0000)]
  0x56bb9800 JavaThread "stdout" daemon [_thread_in_native, id=4676, stack(0x5e8b0000,0x5e900000)]
  0x56bb9400 JavaThread "stderr" daemon [_thread_in_native, id=1312, stack(0x5f1a0000,0x5f1f0000)]
  0x56bb8c00 JavaThread "png-cruncher_20" daemon [_thread_blocked, id=2880, stack(0x5f2f0000,0x5f340000)]
  0x581f2400 JavaThread "png-cruncher_19" daemon [_thread_blocked, id=2788, stack(0x5f150000,0x5f1a0000)]
  0x581f2000 JavaThread "png-cruncher_18" daemon [_thread_blocked, id=4728, stack(0x5f0d0000,0x5f120000)]
  0x581f1800 JavaThread "png-cruncher_17" daemon [_thread_blocked, id=3980, stack(0x5efc0000,0x5f010000)]
  0x581f1000 JavaThread "png-cruncher_16" daemon [_thread_blocked, id=4936, stack(0x5e9a0000,0x5e9f0000)]
  0x581f0c00 JavaThread "stdout" daemon [_thread_in_native, id=3132, stack(0x5ee20000,0x5ee70000)]
  0x581f0400 JavaThread "stderr" daemon [_thread_in_native, id=2696, stack(0x5ec70000,0x5ecc0000)]
  0x581f0000 JavaThread "stdout" daemon [_thread_in_native, id=3732, stack(0x5ecc0000,0x5ed10000)]
  0x581ef800 JavaThread "stderr" daemon [_thread_in_native, id=5892, stack(0x5ea70000,0x5eac0000)]
  0x581ef400 JavaThread "stdout" daemon [_thread_in_native, id=4764, stack(0x5eb50000,0x5eba0000)]
  0x581eec00 JavaThread "stderr" daemon [_thread_in_native, id=4632, stack(0x5eb00000,0x5eb50000)]
  0x58a80800 JavaThread "png-cruncher_15" daemon [_thread_blocked, id=5660, stack(0x5e950000,0x5e9a0000)]
  0x58a80400 JavaThread "png-cruncher_14" daemon [_thread_blocked, id=3516, stack(0x5e6a0000,0x5e6f0000)]
  0x58a7fc00 JavaThread "png-cruncher_13" daemon [_thread_blocked, id=3372, stack(0x5e860000,0x5e8b0000)]
  0x58a7f800 JavaThread "png-cruncher_12" daemon [_thread_blocked, id=4380, stack(0x5e600000,0x5e650000)]
  0x58a7f000 JavaThread "png-cruncher_11" daemon [_thread_blocked, id=4428, stack(0x5dd40000,0x5dd90000)]
  0x58a7ec00 JavaThread "stdout" daemon [_thread_in_native, id=3240, stack(0x5e370000,0x5e3c0000)]
  0x58a7e400 JavaThread "stderr" daemon [_thread_in_native, id=4064, stack(0x5e650000,0x5e6a0000)]
  0x58a7dc00 JavaThread "stdout" daemon [_thread_in_native, id=4388, stack(0x5e4b0000,0x5e500000)]
  0x58a7d800 JavaThread "stderr" daemon [_thread_in_native, id=312, stack(0x5e3c0000,0x5e410000)]
  0x58a7d000 JavaThread "stdout" daemon [_thread_in_native, id=360, stack(0x5e420000,0x5e470000)]
  0x59daf400 JavaThread "stderr" daemon [_thread_in_native, id=3948, stack(0x5d920000,0x5d970000)]
  0x59daf000 JavaThread "stdout" daemon [_thread_in_native, id=4284, stack(0x5e260000,0x5e2b0000)]
  0x59dae800 JavaThread "stderr" daemon [_thread_in_native, id=4836, stack(0x5e2e0000,0x5e330000)]
  0x59dae400 JavaThread "stdout" daemon [_thread_in_native, id=2932, stack(0x5e140000,0x5e190000)]
  0x59dadc00 JavaThread "stderr" daemon [_thread_in_native, id=2220, stack(0x5e050000,0x5e0a0000)]
  0x59dad400 JavaThread "stdout" daemon [_thread_in_native, id=5396, stack(0x5dde0000,0x5de30000)]
  0x59dad000 JavaThread "stderr" daemon [_thread_in_native, id=4072, stack(0x5db20000,0x5db70000)]
  0x59dac800 JavaThread "png-cruncher_10" daemon [_thread_blocked, id=2900, stack(0x5dec0000,0x5df10000)]
  0x59dac400 JavaThread "png-cruncher_9" daemon [_thread_blocked, id=3636, stack(0x5dd90000,0x5dde0000)]
  0x59dabc00 JavaThread "png-cruncher_8" daemon [_thread_blocked, id=2668, stack(0x5dc00000,0x5dc50000)]
  0x56a92000 JavaThread "png-cruncher_7" daemon [_thread_blocked, id=488, stack(0x5db80000,0x5dbd0000)]
  0x56a91c00 JavaThread "png-cruncher_6" daemon [_thread_blocked, id=3756, stack(0x5d8d0000,0x5d920000)]
  0x56a91400 JavaThread "stdout" daemon [_thread_in_native, id=3388, stack(0x5da30000,0x5da80000)]
  0x56a90c00 JavaThread "stderr" daemon [_thread_in_native, id=3320, stack(0x5da90000,0x5dae0000)]
  0x56a90800 JavaThread "stdout" daemon [_thread_in_native, id=3776, stack(0x5d970000,0x5d9c0000)]
  0x56a90000 JavaThread "stdout" daemon [_thread_in_native, id=2652, stack(0x5d790000,0x5d7e0000)]
  0x56a8fc00 JavaThread "stderr" daemon [_thread_in_native, id=5680, stack(0x5d860000,0x5d8b0000)]
  0x56a8f400 JavaThread "stderr" daemon [_thread_in_native, id=120, stack(0x5b6a0000,0x5b6f0000)]
  0x56a8f000 JavaThread "stdout" daemon [_thread_in_native, id=2204, stack(0x5d610000,0x5d660000)]
  0x585e8c00 JavaThread "stderr" daemon [_thread_in_native, id=3192, stack(0x5d380000,0x5d3d0000)]
  0x585e8400 JavaThread "png-cruncher_5" daemon [_thread_blocked, id=4276, stack(0x5af00000,0x5af50000)]
  0x585e7c00 JavaThread "png-cruncher_4" daemon [_thread_blocked, id=1428, stack(0x5d440000,0x5d490000)]
  0x585e7800 JavaThread "png-cruncher_3" daemon [_thread_in_vm, id=2364, stack(0x5d310000,0x5d360000)]
  0x585e7000 JavaThread "png-cruncher_2" daemon [_thread_blocked, id=5072, stack(0x5d2c0000,0x5d310000)]
  0x585e6c00 JavaThread "png-cruncher_1" daemon [_thread_blocked, id=4572, stack(0x5d260000,0x5d2b0000)]
  0x585e6400 JavaThread "Java2D Disposer" daemon [_thread_blocked, id=4196, stack(0x5be30000,0x5be80000)]
  0x585e2000 JavaThread "pool-2-thread-1" [_thread_blocked, id=4848, stack(0x58060000,0x580b0000)]
  0x5691bc00 JavaThread "File lock request listener" [_thread_in_native, id=4424, stack(0x58000000,0x58050000)]
  0x562e8000 JavaThread "pool-1-thread-1" [_thread_blocked, id=3696, stack(0x57490000,0x574e0000)]
  0x561be400 JavaThread "Incoming local TCP Connector on port 59501" [_thread_in_native, id=4024, stack(0x57340000,0x57390000)]
  0x54c19800 JavaThread "Service Thread" daemon [_thread_blocked, id=3392, stack(0x55140000,0x55190000)]
  0x54ba9800 JavaThread "C1 CompilerThread2" daemon [_thread_blocked, id=3688, stack(0x550a0000,0x550f0000)]
  0x54ba8c00 JavaThread "C2 CompilerThread1" daemon [_thread_blocked, id=4188, stack(0x54ce0000,0x54d30000)]
=>0x54bb7800 JavaThread "C2 CompilerThread0" daemon [_thread_in_native, id=5556, stack(0x54fb0000,0x55000000)]
  0x54bb4400 JavaThread "Attach Listener" daemon [_thread_blocked, id=5460, stack(0x54c80000,0x54cd0000)]
  0x54bb3800 JavaThread "Signal Dispatcher" daemon [_thread_blocked, id=4988, stack(0x54d90000,0x54de0000)]
  0x54b91800 JavaThread "Finalizer" daemon [_thread_blocked, id=4664, stack(0x00bc0000,0x00c10000)]
  0x54b70800 JavaThread "Reference Handler" daemon [_thread_blocked, id=3524, stack(0x54860000,0x548b0000)]
  0x00c1bc00 JavaThread "main" [_thread_blocked, id=1792, stack(0x00490000,0x004e0000)]

Other Threads:
  0x54b6a800 VMThread [stack: 0x00b50000,0x00ba0000] [id=3592]
  0x54bb0c00 WatcherThread [stack: 0x549d0000,0x54a20000] [id=3560]

VM state:not at safepoint (normal execution)

VM Mutex/Monitor currently owned by a thread: None

Heap:
 PSYoungGen      total 240896K, used 140214K [0x3c4c0000, 0x4f540000, 0x51a00000)
  eden space 168448K, 79% used [0x3c4c0000,0x44719ba8,0x46940000)
  from space 72448K, 9% used [0x46940000,0x46fd4050,0x4b000000)
  to   space 69888K, 0% used [0x4b100000,0x4b100000,0x4f540000)
 ParOldGen       total 699136K, used 75126K [0x11a00000, 0x3c4c0000, 0x3c4c0000)
  object space 699136K, 10% used [0x11a00000,0x1635dad0,0x3c4c0000)
 Metaspace       used 58191K, capacity 59519K, committed 60160K, reserved 60800K

Card table byte_map: [0x51a00000,0x51c10000] byte_map_base: 0x51973000

Marking Bits: (ParMarkBitMap*) 0x6626c190
 Begin Bits: [0x52000000, 0x53000000)
 End Bits:   [0x53000000, 0x54000000)

Polling page: 0x00220000

CodeCache: size=245760Kb used=64944Kb max_used=64946Kb free=180815Kb
 bounds [0x025f0000, 0x065a0000, 0x115f0000]
 total_blobs=20792 nmethods=20269 adapters=432
 compilation: enabled

Compilation events (10 events):
Event: 3640.936 Thread 0x54ba9800 29271       3       com.google.common.cache.LocalCache$StrongValueReference::<init> (10 bytes)
Event: 3640.936 Thread 0x54ba9800 nmethod 29271 0x0657a688 code [0x0657a7a0, 0x0657a8c0]
Event: 3640.936 Thread 0x54ba9800 29272       3       com.google.common.cache.LocalCache$LoadingValueReference::notifyNewValue (21 bytes)
Event: 3640.936 Thread 0x54ba9800 nmethod 29272 0x06579d88 code [0x06579ee0, 0x0657a378]
Event: 3640.980 Thread 0x54ba8c00 29273       4       java.util.concurrent.locks.AbstractQueuedSynchronizer::isOnSyncQueue (33 bytes)
Event: 3640.982 Thread 0x54ba8c00 nmethod 29273 0x06599008 code [0x06599100, 0x06599190]
Event: 3641.165 Thread 0x54ba8c00 29274       4       com.android.builder.tasks.WorkQueue::verbose (18 bytes)
Event: 3641.165 Thread 0x54ba8c00 nmethod 29274 0x032fd4c8 code [0x032fd5c0, 0x032fd610]
Event: 3641.219 Thread 0x54ba9800 29275       3       java.util.concurrent.locks.AbstractQueuedSynchronizer$ConditionObject::awaitNanos (156 bytes)
Event: 3641.221 Thread 0x54ba9800 nmethod 29275 0x0659cec8 code [0x0659d180, 0x0659e328]

GC Heap History (10 events):
Event: 3436.480 GC heap before
{Heap before GC invocations=384 (full 34):
 PSYoungGen      total 247552K, used 169543K [0x3c4c0000, 0x50900000, 0x51a00000)
  eden space 159744K, 100% used [0x3c4c0000,0x460c0000,0x460c0000)
  from space 87808K, 11% used [0x460c0000,0x46a51ee0,0x4b680000)
  to   space 84224K, 0% used [0x4b6c0000,0x4b6c0000,0x50900000)
 ParOldGen       total 699136K, used 436231K [0x11a00000, 0x3c4c0000, 0x3c4c0000)
  object space 699136K, 62% used [0x11a00000,0x2c401c10,0x3c4c0000)
 Metaspace       used 58075K, capacity 59368K, committed 60160K, reserved 60800K
Event: 3436.536 GC heap after
Heap after GC invocations=384 (full 34):
 PSYoungGen      total 242176K, used 10486K [0x3c4c0000, 0x50300000, 0x51a00000)
  eden space 164096K, 0% used [0x3c4c0000,0x3c4c0000,0x46500000)
  from space 78080K, 13% used [0x4b6c0000,0x4c0fd910,0x50300000)
  to   space 80896K, 0% used [0x46500000,0x46500000,0x4b400000)
 ParOldGen       total 699136K, used 436231K [0x11a00000, 0x3c4c0000, 0x3c4c0000)
  object space 699136K, 62% used [0x11a00000,0x2c401c10,0x3c4c0000)
 Metaspace       used 58075K, capacity 59368K, committed 60160K, reserved 60800K
}
Event: 3437.018 GC heap before
{Heap before GC invocations=385 (full 34):
 PSYoungGen      total 242176K, used 174582K [0x3c4c0000, 0x50300000, 0x51a00000)
  eden space 164096K, 100% used [0x3c4c0000,0x46500000,0x46500000)
  from space 78080K, 13% used [0x4b6c0000,0x4c0fd910,0x50300000)
  to   space 80896K, 0% used [0x46500000,0x46500000,0x4b400000)
 ParOldGen       total 699136K, used 436231K [0x11a00000, 0x3c4c0000, 0x3c4c0000)
  object space 699136K, 62% used [0x11a00000,0x2c401c10,0x3c4c0000)
 Metaspace       used 58075K, capacity 59368K, committed 60160K, reserved 60800K
Event: 3437.050 GC heap after
Heap after GC invocations=385 (full 34):
 PSYoungGen      total 182528K, used 18391K [0x3c4c0000, 0x4fd40000, 0x51a00000)
  eden space 164096K, 0% used [0x3c4c0000,0x3c4c0000,0x46500000)
  from space 18432K, 99% used [0x46500000,0x476f5df8,0x47700000)
  to   space 75776K, 0% used [0x4b340000,0x4b340000,0x4fd40000)
 ParOldGen       total 699136K, used 436231K [0x11a00000, 0x3c4c0000, 0x3c4c0000)
  object space 699136K, 62% used [0x11a00000,0x2c401c10,0x3c4c0000)
 Metaspace       used 58075K, capacity 59368K, committed 60160K, reserved 60800K
}
Event: 3437.454 GC heap before
{Heap before GC invocations=386 (full 34):
 PSYoungGen      total 182528K, used 77794K [0x3c4c0000, 0x4fd40000, 0x51a00000)
  eden space 164096K, 36% used [0x3c4c0000,0x3fec2a78,0x46500000)
  from space 18432K, 99% used [0x46500000,0x476f5df8,0x47700000)
  to   space 75776K, 0% used [0x4b340000,0x4b340000,0x4fd40000)
 ParOldGen       total 699136K, used 436231K [0x11a00000, 0x3c4c0000, 0x3c4c0000)
  object space 699136K, 62% used [0x11a00000,0x2c401c10,0x3c4c0000)
 Metaspace       used 58077K, capacity 59368K, committed 60160K, reserved 60800K
Event: 3437.472 GC heap after
Heap after GC invocations=386 (full 34):
 PSYoungGen      total 237568K, used 11722K [0x3c4c0000, 0x4f6c0000, 0x51a00000)
  eden space 168448K, 0% used [0x3c4c0000,0x3c4c0000,0x46940000)
  from space 69120K, 16% used [0x4b340000,0x4beb2870,0x4f6c0000)
  to   space 72448K, 0% used [0x46940000,0x46940000,0x4b000000)
 ParOldGen       total 699136K, used 436231K [0x11a00000, 0x3c4c0000, 0x3c4c0000)
  object space 699136K, 62% used [0x11a00000,0x2c401c10,0x3c4c0000)
 Metaspace       used 58077K, capacity 59368K, committed 60160K, reserved 60800K
}
Event: 3437.472 GC heap before
{Heap before GC invocations=387 (full 35):
 PSYoungGen      total 237568K, used 11722K [0x3c4c0000, 0x4f6c0000, 0x51a00000)
  eden space 168448K, 0% used [0x3c4c0000,0x3c4c0000,0x46940000)
  from space 69120K, 16% used [0x4b340000,0x4beb2870,0x4f6c0000)
  to   space 72448K, 0% used [0x46940000,0x46940000,0x4b000000)
 ParOldGen       total 699136K, used 436231K [0x11a00000, 0x3c4c0000, 0x3c4c0000)
  object space 699136K, 62% used [0x11a00000,0x2c401c10,0x3c4c0000)
 Metaspace       used 58077K, capacity 59368K, committed 60160K, reserved 60800K
Event: 3437.928 GC heap after
Heap after GC invocations=387 (full 35):
 PSYoungGen      total 237568K, used 0K [0x3c4c0000, 0x4f6c0000, 0x51a00000)
  eden space 168448K, 0% used [0x3c4c0000,0x3c4c0000,0x46940000)
  from space 69120K, 0% used [0x4b340000,0x4b340000,0x4f6c0000)
  to   space 72448K, 0% used [0x46940000,0x46940000,0x4b000000)
 ParOldGen       total 699136K, used 75126K [0x11a00000, 0x3c4c0000, 0x3c4c0000)
  object space 699136K, 10% used [0x11a00000,0x1635dad0,0x3c4c0000)
 Metaspace       used 58077K, capacity 59368K, committed 60160K, reserved 60800K
}
Event: 3639.783 GC heap before
{Heap before GC invocations=388 (full 35):
 PSYoungGen      total 237568K, used 168448K [0x3c4c0000, 0x4f6c0000, 0x51a00000)
  eden space 168448K, 100% used [0x3c4c0000,0x46940000,0x46940000)
  from space 69120K, 0% used [0x4b340000,0x4b340000,0x4f6c0000)
  to   space 72448K, 0% used [0x46940000,0x46940000,0x4b000000)
 ParOldGen       total 699136K, used 75126K [0x11a00000, 0x3c4c0000, 0x3c4c0000)
  object space 699136K, 10% used [0x11a00000,0x1635dad0,0x3c4c0000)
 Metaspace       used 58138K, capacity 59485K, committed 60160K, reserved 60800K
Event: 3639.801 GC heap after
Heap after GC invocations=388 (full 35):
 PSYoungGen      total 240896K, used 6736K [0x3c4c0000, 0x4f540000, 0x51a00000)
  eden space 168448K, 0% used [0x3c4c0000,0x3c4c0000,0x46940000)
  from space 72448K, 9% used [0x46940000,0x46fd4050,0x4b000000)
  to   space 69888K, 0% used [0x4b100000,0x4b100000,0x4f540000)
 ParOldGen       total 699136K, used 75126K [0x11a00000, 0x3c4c0000, 0x3c4c0000)
  object space 699136K, 10% used [0x11a00000,0x1635dad0,0x3c4c0000)
 Metaspace       used 58138K, capacity 59485K, committed 60160K, reserved 60800K
}

Deoptimization events (10 events):
Event: 3399.707 Thread 0x585e4c00 Uncommon trap: reason=unstable_if action=reinterpret pc=0x04d7426c method=java.util.logging.Logger.log(Ljava/util/logging/LogRecord;)V @ 118
Event: 3399.770 Thread 0x585e2c00 Uncommon trap: reason=unstable_if action=reinterpret pc=0x05d03400 method=org.gradle.internal.serialize.Message$ExceptionReplacingObjectOutputStream.replaceObject(Ljava/lang/Object;)Ljava/lang/Object; @ 4
Event: 3431.356 Thread 0x585e4c00 Uncommon trap: reason=array_check action=maybe_recompile pc=0x0637e6f4 method=java.util.TimSort.mergeLo(IIII)V @ 375
Event: 3431.356 Thread 0x585e4c00 Uncommon trap: reason=array_check action=maybe_recompile pc=0x0637e6f4 method=java.util.TimSort.mergeLo(IIII)V @ 375
Event: 3431.604 Thread 0x585e4c00 Uncommon trap: reason=array_check action=maybe_recompile pc=0x05ce2a4c method=java.util.TimSort.mergeLo(IIII)V @ 212
Event: 3437.427 Thread 0x64e46400 Uncommon trap: reason=unstable_if action=reinterpret pc=0x058b49e4 method=com.android.sched.util.file.Directory.create(Ljava/io/File;Lcom/android/sched/util/location/Location;)V @ 45
Event: 3437.427 Thread 0x64e46400 Uncommon trap: reason=unloaded action=reinterpret pc=0x063a0994 method=com.android.jack.backend.jayce.JayceInLibraryWriter.run(Lcom/android/jack/ir/ast/JDefinedClassOrInterface;)V @ 236
Event: 3437.428 Thread 0x64e45800 Uncommon trap: reason=unloaded action=reinterpret pc=0x063a0994 method=com.android.jack.backend.jayce.JayceInLibraryWriter.run(Lcom/android/jack/ir/ast/JDefinedClassOrInterface;)V @ 236
Event: 3639.806 Thread 0x585e5000 Uncommon trap: reason=null_check action=make_not_entrant pc=0x050e8608 method=java.lang.ThreadLocal$ThreadLocalMap.set(Ljava/lang/ThreadLocal;Ljava/lang/Object;)V @ 36
Event: 3639.911 Thread 0x585e6000 Uncommon trap: reason=unstable_if action=reinterpret pc=0x0581e7d8 method=java.util.concurrent.locks.AbstractQueuedSynchronizer$ConditionObject.awaitNanos(J)J @ 73

Internal exceptions (10 events):
Event: 3637.489 Thread 0x585e5000 Exception <a 'sun/nio/fs/WindowsException'> (0x410e2fd8) thrown at [C:\src\android\AOSP-openjdk\external\jetbrains\jdk\hotspot\src\share\vm\prims\jni.cpp, line 709]
Event: 3637.489 Thread 0x585e5000 Exception <a 'sun/nio/fs/WindowsException'> (0x410e6c90) thrown at [C:\src\android\AOSP-openjdk\external\jetbrains\jdk\hotspot\src\share\vm\prims\jni.cpp, line 709]
Event: 3637.489 Thread 0x585e5000 Exception <a 'sun/nio/fs/WindowsException'> (0x410e7670) thrown at [C:\src\android\AOSP-openjdk\external\jetbrains\jdk\hotspot\src\share\vm\prims\jni.cpp, line 709]
Event: 3637.489 Thread 0x585e5000 Exception <a 'sun/nio/fs/WindowsException'> (0x410e9040) thrown at [C:\src\android\AOSP-openjdk\external\jetbrains\jdk\hotspot\src\share\vm\prims\jni.cpp, line 709]
Event: 3637.489 Thread 0x585e5000 Exception <a 'sun/nio/fs/WindowsException'> (0x410e9a58) thrown at [C:\src\android\AOSP-openjdk\external\jetbrains\jdk\hotspot\src\share\vm\prims\jni.cpp, line 709]
Event: 3637.490 Thread 0x585e5000 Exception <a 'sun/nio/fs/WindowsException'> (0x410ecf90) thrown at [C:\src\android\AOSP-openjdk\external\jetbrains\jdk\hotspot\src\share\vm\prims\jni.cpp, line 709]
Event: 3637.490 Thread 0x585e5000 Exception <a 'sun/nio/fs/WindowsException'> (0x410ed8c8) thrown at [C:\src\android\AOSP-openjdk\external\jetbrains\jdk\hotspot\src\share\vm\prims\jni.cpp, line 709]
Event: 3637.490 Thread 0x585e5000 Exception <a 'sun/nio/fs/WindowsException'> (0x410ef270) thrown at [C:\src\android\AOSP-openjdk\external\jetbrains\jdk\hotspot\src\share\vm\prims\jni.cpp, line 709]
Event: 3637.490 Thread 0x585e5000 Exception <a 'sun/nio/fs/WindowsException'> (0x410efc60) thrown at [C:\src\android\AOSP-openjdk\external\jetbrains\jdk\hotspot\src\share\vm\prims\jni.cpp, line 709]
Event: 3639.806 Thread 0x585e5000 Implicit null exception at 0x050e7e47 to 0x050e85f1

Events (10 events):
Event: 3640.289 Thread 0x64e46000 Thread added: 0x64e46000
Event: 3640.314 Thread 0x64e46400 DEOPT PACKING pc=0x05dc7f19 sp=0x6589f350
Event: 3640.314 Thread 0x64e46400 DEOPT UNPACKING pc=0x0262c2eb sp=0x6589f218 mode 0
Event: 3640.358 Thread 0x64e46400 DEOPT PACKING pc=0x05dc7f19 sp=0x6589f350
Event: 3640.358 Thread 0x64e46400 DEOPT UNPACKING pc=0x0262c2eb sp=0x6589f218 mode 0
Event: 3640.399 Thread 0x64e46400 DEOPT PACKING pc=0x05dc7f19 sp=0x6589f350
Event: 3640.399 Thread 0x64e46400 DEOPT UNPACKING pc=0x0262c2eb sp=0x6589f218 mode 0
Event: 3640.426 Thread 0x64e42c00 DEOPT PACKING pc=0x05dc7f19 sp=0x656bed50
Event: 3640.426 Thread 0x64e42c00 DEOPT UNPACKING pc=0x0262c2eb sp=0x656bec18 mode 0
Event: 3640.863 Thread 0x5cb48000 Thread added: 0x5cb48000


Dynamic libraries:
0x011c0000 - 0x011ed000 	E:\Praful\Praful\software\android-studio\jre\bin\java.exe
0x77360000 - 0x774e0000 	C:\Windows\SysWOW64\ntdll.dll
0x74f30000 - 0x75030000 	C:\Windows\syswow64\kernel32.dll
0x75170000 - 0x751b6000 	C:\Windows\syswow64\KERNELBASE.dll
0x76c80000 - 0x76d20000 	C:\Windows\syswow64\ADVAPI32.dll
0x76680000 - 0x7672c000 	C:\Windows\syswow64\msvcrt.dll
0x76570000 - 0x76589000 	C:\Windows\SysWOW64\sechost.dll
0x75040000 - 0x75130000 	C:\Windows\syswow64\RPCRT4.dll
0x74ed0000 - 0x74f30000 	C:\Windows\syswow64\SspiCli.dll
0x74ec0000 - 0x74ecc000 	C:\Windows\syswow64\CRYPTBASE.dll
0x75670000 - 0x75770000 	C:\Windows\syswow64\USER32.dll
0x76590000 - 0x76620000 	C:\Windows\syswow64\GDI32.dll
0x75030000 - 0x7503a000 	C:\Windows\syswow64\LPK.dll
0x751c0000 - 0x7525d000 	C:\Windows\syswow64\USP10.dll
0x73650000 - 0x737ee000 	C:\Windows\WinSxS\x86_microsoft.windows.common-controls_6595b64144ccf1df_6.0.7600.16385_none_421189da2b7fabfc\COMCTL32.dll
0x76f00000 - 0x76f57000 	C:\Windows\syswow64\SHLWAPI.dll
0x75290000 - 0x752f0000 	C:\Windows\system32\IMM32.DLL
0x767e0000 - 0x768ac000 	C:\Windows\syswow64\MSCTF.dll
0x74810000 - 0x748cf000 	E:\Praful\Praful\software\android-studio\jre\jre\bin\msvcr100.dll
0x65d00000 - 0x662dc000 	E:\Praful\Praful\software\android-studio\jre\jre\bin\server\jvm.dll
0x74c60000 - 0x74c67000 	C:\Windows\system32\WSOCK32.dll
0x76b40000 - 0x76b75000 	C:\Windows\syswow64\WS2_32.dll
0x752f0000 - 0x752f6000 	C:\Windows\syswow64\NSI.dll
0x738c0000 - 0x738f2000 	C:\Windows\system32\WINMM.dll
0x73820000 - 0x73829000 	C:\Windows\system32\VERSION.dll
0x75770000 - 0x75775000 	C:\Windows\syswow64\PSAPI.DLL
0x74c50000 - 0x74c5c000 	E:\Praful\Praful\software\android-studio\jre\jre\bin\verify.dll
0x73d40000 - 0x73d61000 	E:\Praful\Praful\software\android-studio\jre\jre\bin\java.dll
0x74670000 - 0x74683000 	E:\Praful\Praful\software\android-studio\jre\jre\bin\zip.dll
0x75780000 - 0x763c9000 	C:\Windows\syswow64\SHELL32.dll
0x76d20000 - 0x76e7c000 	C:\Windows\syswow64\ole32.dll
0x737f0000 - 0x737fb000 	C:\Windows\system32\profapi.dll
0x73d20000 - 0x73d36000 	E:\Praful\Praful\software\android-studio\jre\jre\bin\net.dll
0x73490000 - 0x734cc000 	C:\Windows\system32\mswsock.dll
0x73ce0000 - 0x73ce6000 	C:\Windows\System32\wship6.dll
0x74800000 - 0x7480f000 	E:\Praful\Praful\software\android-studio\jre\jre\bin\nio.dll
0x73d10000 - 0x73d1e000 	C:\Users\praful\.gradle\native\19\windows-i386\native-platform.dll
0x731f0000 - 0x73206000 	C:\Windows\system32\CRYPTSP.dll
0x731b0000 - 0x731eb000 	C:\Windows\system32\rsaenh.dll
0x73800000 - 0x73817000 	C:\Windows\system32\USERENV.dll
0x733a0000 - 0x733bc000 	C:\Windows\system32\IPHLPAPI.DLL
0x73390000 - 0x73397000 	C:\Windows\system32\WINNSI.DLL
0x73370000 - 0x7337d000 	C:\Windows\system32\dhcpcsvc6.DLL
0x732d0000 - 0x732e2000 	C:\Windows\system32\dhcpcsvc.DLL
0x73d00000 - 0x73d0a000 	E:\Praful\Praful\software\android-studio\jre\jre\bin\management.dll
0x73ba0000 - 0x73beb000 	C:\Windows\system32\apphelp.dll
0x72180000 - 0x722c0000 	E:\Praful\Praful\software\android-studio\jre\jre\bin\awt.dll
0x76750000 - 0x767df000 	C:\Windows\syswow64\OLEAUT32.dll
0x732b0000 - 0x732c3000 	C:\Windows\system32\DWMAPI.DLL
0x73e30000 - 0x73e50000 	E:\Praful\Praful\software\android-studio\jre\jre\bin\sunec.dll
0x73e20000 - 0x73e29000 	E:\Praful\Praful\software\android-studio\jre\jre\bin\sunmscapi.dll
0x76a20000 - 0x76b3c000 	C:\Windows\syswow64\CRYPT32.dll
0x77330000 - 0x7733c000 	C:\Windows\syswow64\MSASN1.dll

VM Arguments:
jvm_args: -Xmx1024m -Dfile.encoding=windows-1252 -Duser.country=US -Duser.language=en -Duser.variant 
java_command: org.gradle.launcher.daemon.bootstrap.GradleDaemon 2.14.1
java_class_path (initial): C:\Users\praful\.gradle\wrapper\dists\gradle-2.14.1-all\8bnwg5hd3w55iofp58khbp6yv\gradle-2.14.1\lib\gradle-launcher-2.14.1.jar
Launcher Type: SUN_STANDARD

Environment Variables:
PATH=C:\ProgramData\Oracle\Java\javapath;C:\Windows\system32;C:\Windows;C:\Windows\System32\Wbem;C:\Windows\System32\WindowsPowerShell\v1.0\;E:\Praful\Praful\software\PortableGit\bin
USERNAME=praful
OS=Windows_NT
PROCESSOR_IDENTIFIER=Intel64 Family 6 Model 37 Stepping 5, GenuineIntel



---------------  S Y S T E M  ---------------

OS: Windows 7 , 64 bit Build 7600 (6.1.7600.16385)

CPU:total 4 (2 cores per cpu, 2 threads per core) family 6 model 37 stepping 5, cmov, cx8, fxsr, mmx, sse, sse2, sse3, ssse3, sse4.1, sse4.2, popcnt, ht, tsc, tscinvbit

Memory: 4k page, physical 6083912k(1573452k free), swap 12165928k(7119508k free)

vm_info: OpenJDK Server VM (25.76-b03) for windows-x86 JRE (1.8.0_76-release-b03), built on Jul  8 2016 00:05:38 by "ralucas" with MS VC++ 10.0 (VS2010)

time: Thu Mar 09 17:46:19 2017
elapsed time: 3641 seconds (0d 1h 0m 41s)

