#
# A fatal error has been detected by the Java Runtime Environment:
#
#  EXCEPTION_ACCESS_VIOLATION (0xc0000005) at pc=0x000000000295711a, pid=3736, tid=0x0000000000000d18
#
# JRE version: Java(TM) SE Runtime Environment (8.0_111-b14) (build 1.8.0_111-b14)
# Java VM: Java HotSpot(TM) 64-Bit Server VM (25.111-b14 mixed mode windows-amd64 compressed oops)
# Problematic frame:
# v  ~BufferBlob::vtable chunks
#
# Failed to write core dump. Minidumps are not enabled by default on client versions of Windows
#
# If you would like to submit a bug report, please visit:
#   http://bugreport.java.com/bugreport/crash.jsp
#

---------------  T H R E A D  ---------------

Current thread (0x0000000057e24000):  JavaThread "config-1-worker-3" daemon [_thread_in_Java, id=3352, stack(0x000000006d910000,0x000000006db10000)]

siginfo: ExceptionCode=0xc0000005, reading address 0x0000000062787678

Registers:
RAX=0x00000000152cc2e8, RBX=0x0000000062787638, RCX=0x0000000000000001, RDX=0x00000000f1b837c8
RSP=0x000000006db0e938, RBP=0x00000000f1b83628, RSI=0x0000000011600000, RDI=0x0000000000000001
R8 =0x0000000000000000, R9 =0x00000000f1b837c8, R10=0x00000000f1b837b0, R11=0x000000000078dc1b
R12=0x0000000000000000, R13=0x00000000f1b837c8, R14=0x0000000000000003, R15=0x0000000057e24000
RIP=0x000000000295711a, EFLAGS=0x0000000000010207

Top of Stack: (sp=0x000000006db0e938)
0x000000006db0e938:   0000000004de2b1c 00000000ea976750
0x000000006db0e948:   0000000004c5f1f8 0000000057e24000
0x000000006db0e958:   00000000eaabd0e8 00000000f1b3ca08
0x000000006db0e968:   00000000c1c5a630 00000000f1b3ca68
0x000000006db0e978:   00000000f1b3ca68 0000000000000001
0x000000006db0e988:   00000a1e00000a1d 00000000c1c64aa8
0x000000006db0e998:   00000000f1b83798 0000001200000000
0x000000006db0e9a8:   0000000000000012 00000000f1b836e8
0x000000006db0e9b8:   0000000000000012 00000000f1afe110
0x000000006db0e9c8:   0000000004e292d8 00000000c426bd70
0x000000006db0e9d8:   00000000056921e8 00000000f1b83628
0x000000006db0e9e8:   0000000004ef6318 0000000000000001
0x000000006db0e9f8:   00000000f1b3ca08 00000000f1b83628
0x000000006db0ea08:   ffffff80f1b3ca78 00000000f1b3ca68
0x000000006db0ea18:   00000000f1b836e8 ffffff8000000000
0x000000006db0ea28:   0000000000000012 0000000000000000 

Instructions: (pc=0x000000000295711a)
0x00000000029570fa:   00 00 00 00 00 00 00 00 00 00 00 00 00 00 05 00
0x000000000295710a:   0a 00 00 00 01 00 8b 42 08 48 8b 98 e0 01 00 00
0x000000000295711a:   ff 63 40 00 00 00 00 00 00 00 00 00 00 00 00 00
0x000000000295712a:   00 00 00 00 00 00 00 00 00 00 00 00 00 00 00 00 


Register to memory mapping:

RAX=0x00000000152cc2e8 is pointing into metadata
RBX=0x0000000062787638 is an unknown value
RCX=0x0000000000000001 is an unknown value
RDX=0x00000000f1b837c8 is an oop
com.android.jack.jayce.v0004.nodes.NParameter 
 - klass: 'com/android/jack/jayce/v0004/nodes/NParameter'
RSP=0x000000006db0e938 is pointing into the stack for thread: 0x0000000057e24000
RBP=0x00000000f1b83628 is an oop
com.android.jack.jayce.v0004.nodes.NMethod 
 - klass: 'com/android/jack/jayce/v0004/nodes/NMethod'
RSI=0x0000000011600000 is an unknown value
RDI=0x0000000000000001 is an unknown value
R8 =0x0000000000000000 is an unknown value
R9 =0x00000000f1b837c8 is an oop
com.android.jack.jayce.v0004.nodes.NParameter 
 - klass: 'com/android/jack/jayce/v0004/nodes/NParameter'
R10=0x00000000f1b837b0 is an oop
[Ljava.lang.Object; 
 - klass: 'java/lang/Object'[]
 - length: 1
R11=0x000000000078dc1b is an unknown value
R12=0x0000000000000000 is an unknown value
R13=0x00000000f1b837c8 is an oop
com.android.jack.jayce.v0004.nodes.NParameter 
 - klass: 'com/android/jack/jayce/v0004/nodes/NParameter'
R14=0x0000000000000003 is an unknown value
R15=0x0000000057e24000 is a thread


Stack: [0x000000006d910000,0x000000006db10000],  sp=0x000000006db0e938,  free space=2042k
Native frames: (J=compiled Java code, j=interpreted, Vv=VM code, C=native code)
C  0x000000000295711a


---------------  P R O C E S S  ---------------

Java Threads: ( => current thread )
=>0x0000000057e24000 JavaThread "config-1-worker-3" daemon [_thread_in_Java, id=3352, stack(0x000000006d910000,0x000000006db10000)]
  0x0000000057e26800 JavaThread "config-1-worker-2" daemon [_thread_in_native, id=184, stack(0x000000006d180000,0x000000006d380000)]
  0x0000000057e22000 JavaThread "config-1-worker-1" daemon [_thread_in_Java, id=1296, stack(0x000000006cf80000,0x000000006d180000)]
  0x0000000057e22800 JavaThread "config-1-worker-0" daemon [_thread_in_Java, id=1380, stack(0x0000000065e10000,0x0000000066010000)]
  0x0000000057e1a800 JavaThread "Jack reporter" [_thread_blocked, id=3696, stack(0x0000000059690000,0x0000000059790000)]
  0x0000000057e1e000 JavaThread "Asynchronous log dispatcher for org.gradle.launcher.daemon.server.DefaultDaemonConnection@4446d1a1" [_thread_blocked, id=3344, stack(0x000000005ed90000,0x000000005ee90000)]
  0x0000000057e1c000 JavaThread "Daemon worker Thread 7" [_thread_blocked, id=3508, stack(0x00000000593d0000,0x00000000594d0000)]
  0x0000000057e1d800 JavaThread "Cancel handler" [_thread_blocked, id=3840, stack(0x0000000059590000,0x0000000059690000)]
  0x0000000057e1c800 JavaThread "Handler for socket connection from /127.0.0.1:49283 to /127.0.0.1:53805" [_thread_in_native, id=3732, stack(0x00000000592a0000,0x00000000593a0000)]
  0x0000000057e1f000 JavaThread "Daemon Thread 7" [_thread_blocked, id=404, stack(0x00000000590f0000,0x00000000591f0000)]
  0x0000000057e1b000 JavaThread "pool-2-thread-1" [_thread_blocked, id=3492, stack(0x000000005f170000,0x000000005f270000)]
  0x0000000057e19800 JavaThread "File lock request listener" [_thread_in_native, id=3824, stack(0x000000005b050000,0x000000005b150000)]
  0x0000000057f54800 JavaThread "Incoming local TCP Connector on port 49283" [_thread_in_native, id=3612, stack(0x0000000058be0000,0x0000000058ce0000)]
  0x0000000057e92000 JavaThread "pool-1-thread-1" [_thread_blocked, id=3608, stack(0x0000000058d40000,0x0000000058e40000)]
  0x0000000056be2800 JavaThread "Service Thread" daemon [_thread_blocked, id=3632, stack(0x0000000057080000,0x0000000057180000)]
  0x0000000056b81000 JavaThread "C1 CompilerThread2" daemon [_thread_in_vm, id=3844, stack(0x00000000560c0000,0x00000000561c0000)]
  0x0000000056b80800 JavaThread "C2 CompilerThread1" daemon [_thread_blocked, id=3624, stack(0x0000000056650000,0x0000000056750000)]
  0x00000000552d7000 JavaThread "C2 CompilerThread0" daemon [_thread_blocked, id=3656, stack(0x0000000056a80000,0x0000000056b80000)]
  0x00000000552d3800 JavaThread "Attach Listener" daemon [_thread_blocked, id=3708, stack(0x0000000056950000,0x0000000056a50000)]
  0x00000000552d2000 JavaThread "Signal Dispatcher" daemon [_thread_blocked, id=1796, stack(0x0000000056760000,0x0000000056860000)]
  0x00000000552b9000 JavaThread "Finalizer" daemon [_thread_blocked, id=3652, stack(0x0000000056550000,0x0000000056650000)]
  0x0000000055271800 JavaThread "Reference Handler" daemon [_thread_blocked, id=3640, stack(0x00000000563a0000,0x00000000564a0000)]
  0x00000000001ad800 JavaThread "main" [_thread_blocked, id=3692, stack(0x0000000002470000,0x0000000002570000)]

Other Threads:
  0x000000005526a000 VMThread [stack: 0x0000000056230000,0x0000000056330000] [id=3764]
  0x0000000056bf3800 WatcherThread [stack: 0x00000000572a0000,0x00000000573a0000] [id=3660]

VM state:not at safepoint (normal execution)

VM Mutex/Monitor currently owned by a thread: None

Heap:
 PSYoungGen      total 229888K, used 115919K [0x00000000eab00000, 0x00000000ffd00000, 0x0000000100000000)
  eden space 116736K, 99% used [0x00000000eab00000,0x00000000f1c34700,0x00000000f1d00000)
  from space 113152K, 0% used [0x00000000f8e80000,0x00000000f8e80000,0x00000000ffd00000)
  to   space 114688K, 0% used [0x00000000f1d00000,0x00000000f1d00000,0x00000000f8d00000)
 ParOldGen       total 699392K, used 699366K [0x00000000c0000000, 0x00000000eab00000, 0x00000000eab00000)
  object space 699392K, 99% used [0x00000000c0000000,0x00000000eaaf9af0,0x00000000eab00000)
 Metaspace       used 80046K, capacity 82412K, committed 84480K, reserved 1122304K
  class space    used 10185K, capacity 10575K, committed 11008K, reserved 1048576K

Card table byte_map: [0x0000000011c00000,0x0000000011e10000] byte_map_base: 0x0000000011600000

Marking Bits: (ParMarkBitMap*) 0x00000000749ba6c0
 Begin Bits: [0x00000000126e0000, 0x00000000136e0000)
 End Bits:   [0x00000000136e0000, 0x00000000146e0000)

Polling page: 0x0000000000140000

CodeCache: size=245760Kb used=60863Kb max_used=61489Kb free=184896Kb
 bounds [0x0000000002840000, 0x00000000064e0000, 0x0000000011840000]
 total_blobs=17996 nmethods=17211 adapters=692
 compilation: enabled

Compilation events (10 events):
Event: 5215.083 Thread 0x0000000056b80800 22761       4       com.android.jack.jayce.v0004.nodes.NFloatLiteral::writeContent (9 bytes)
Event: 5215.086 Thread 0x0000000056b80800 nmethod 22761 0x0000000004bed490 code [0x0000000004bed5e0, 0x0000000004bed778]
Event: 5235.608 Thread 0x00000000552d7000 22762       4       java.util.concurrent.ScheduledThreadPoolExecutor$DelayedWorkQueue::add (9 bytes)
Event: 5238.575 Thread 0x0000000056b80800 22763       4       java.util.concurrent.ScheduledThreadPoolExecutor$DelayedWorkQueue::siftUp (66 bytes)
Event: 5241.493 Thread 0x0000000056b80800 nmethod 22763 0x0000000003383690 code [0x0000000003383800, 0x0000000003383bd8]
Event: 5241.496 Thread 0x0000000056b80800 22764       4       java.util.concurrent.Executors$RunnableAdapter::call (14 bytes)
Event: 5244.304 Thread 0x00000000552d7000 nmethod 22762 0x0000000004a41310 code [0x0000000004a41500, 0x0000000004a41f50]
Event: 5244.305 Thread 0x0000000056b80800 nmethod 22764 0x0000000004a40f90 code [0x0000000004a410e0, 0x0000000004a41188]
Event: 5244.305 Thread 0x0000000056b80800 22765       4       java.util.concurrent.ScheduledThreadPoolExecutor$ScheduledFutureTask::run (59 bytes)
Event: 5254.855 Thread 0x0000000056b80800 nmethod 22765 0x0000000002f76f90 code [0x0000000002f77140, 0x0000000002f775e0]

GC Heap History (10 events):
Event: 5367.715 GC heap before
{Heap before GC invocations=304 (full 210):
 PSYoungGen      total 229888K, used 116736K [0x00000000eab00000, 0x00000000ffd00000, 0x0000000100000000)
  eden space 116736K, 100% used [0x00000000eab00000,0x00000000f1d00000,0x00000000f1d00000)
  from space 113152K, 0% used [0x00000000f8e80000,0x00000000f8e80000,0x00000000ffd00000)
  to   space 114688K, 0% used [0x00000000f1d00000,0x00000000f1d00000,0x00000000f8d00000)
 ParOldGen       total 699392K, used 699137K [0x00000000c0000000, 0x00000000eab00000, 0x00000000eab00000)
  object space 699392K, 99% used [0x00000000c0000000,0x00000000eaac0440,0x00000000eab00000)
 Metaspace       used 80191K, capacity 82640K, committed 84480K, reserved 1122304K
  class space    used 10224K, capacity 10635K, committed 11008K, reserved 1048576K
Event: 5369.318 GC heap after
Heap after GC invocations=304 (full 210):
 PSYoungGen      total 229888K, used 116735K [0x00000000eab00000, 0x00000000ffd00000, 0x0000000100000000)
  eden space 116736K, 99% used [0x00000000eab00000,0x00000000f1cfff68,0x00000000f1d00000)
  from space 113152K, 0% used [0x00000000f8e80000,0x00000000f8e80000,0x00000000ffd00000)
  to   space 114688K, 0% used [0x00000000f1d00000,0x00000000f1d00000,0x00000000f8d00000)
 ParOldGen       total 699392K, used 699137K [0x00000000c0000000, 0x00000000eab00000, 0x00000000eab00000)
  object space 699392K, 99% used [0x00000000c0000000,0x00000000eaac0408,0x00000000eab00000)
 Metaspace       used 80191K, capacity 82640K, committed 84480K, reserved 1122304K
  class space    used 10224K, capacity 10635K, committed 11008K, reserved 1048576K
}
Event: 5369.318 GC heap before
{Heap before GC invocations=305 (full 211):
 PSYoungGen      total 229888K, used 116736K [0x00000000eab00000, 0x00000000ffd00000, 0x0000000100000000)
  eden space 116736K, 100% used [0x00000000eab00000,0x00000000f1d00000,0x00000000f1d00000)
  from space 113152K, 0% used [0x00000000f8e80000,0x00000000f8e80000,0x00000000ffd00000)
  to   space 114688K, 0% used [0x00000000f1d00000,0x00000000f1d00000,0x00000000f8d00000)
 ParOldGen       total 699392K, used 699137K [0x00000000c0000000, 0x00000000eab00000, 0x00000000eab00000)
  object space 699392K, 99% used [0x00000000c0000000,0x00000000eaac0408,0x00000000eab00000)
 Metaspace       used 80191K, capacity 82640K, committed 84480K, reserved 1122304K
  class space    used 10224K, capacity 10635K, committed 11008K, reserved 1048576K
Event: 5370.943 GC heap after
Heap after GC invocations=305 (full 211):
 PSYoungGen      total 229888K, used 116735K [0x00000000eab00000, 0x00000000ffd00000, 0x0000000100000000)
  eden space 116736K, 99% used [0x00000000eab00000,0x00000000f1cfff88,0x00000000f1d00000)
  from space 113152K, 0% used [0x00000000f8e80000,0x00000000f8e80000,0x00000000ffd00000)
  to   space 114688K, 0% used [0x00000000f1d00000,0x00000000f1d00000,0x00000000f8d00000)
 ParOldGen       total 699392K, used 699136K [0x00000000c0000000, 0x00000000eab00000, 0x00000000eab00000)
  object space 699392K, 99% used [0x00000000c0000000,0x00000000eaac03b0,0x00000000eab00000)
 Metaspace       used 80191K, capacity 82640K, committed 84480K, reserved 1122304K
  class space    used 10224K, capacity 10635K, committed 11008K, reserved 1048576K
}
Event: 5370.943 GC heap before
{Heap before GC invocations=306 (full 212):
 PSYoungGen      total 229888K, used 116735K [0x00000000eab00000, 0x00000000ffd00000, 0x0000000100000000)
  eden space 116736K, 99% used [0x00000000eab00000,0x00000000f1cffff0,0x00000000f1d00000)
  from space 113152K, 0% used [0x00000000f8e80000,0x00000000f8e80000,0x00000000ffd00000)
  to   space 114688K, 0% used [0x00000000f1d00000,0x00000000f1d00000,0x00000000f8d00000)
 ParOldGen       total 699392K, used 699136K [0x00000000c0000000, 0x00000000eab00000, 0x00000000eab00000)
  object space 699392K, 99% used [0x00000000c0000000,0x00000000eaac03b0,0x00000000eab00000)
 Metaspace       used 80191K, capacity 82640K, committed 84480K, reserved 1122304K
  class space    used 10224K, capacity 10635K, committed 11008K, reserved 1048576K
Event: 5372.546 GC heap after
Heap after GC invocations=306 (full 212):
 PSYoungGen      total 229888K, used 116735K [0x00000000eab00000, 0x00000000ffd00000, 0x0000000100000000)
  eden space 116736K, 99% used [0x00000000eab00000,0x00000000f1cfffb8,0x00000000f1d00000)
  from space 113152K, 0% used [0x00000000f8e80000,0x00000000f8e80000,0x00000000ffd00000)
  to   space 114688K, 0% used [0x00000000f1d00000,0x00000000f1d00000,0x00000000f8d00000)
 ParOldGen       total 699392K, used 699136K [0x00000000c0000000, 0x00000000eab00000, 0x00000000eab00000)
  object space 699392K, 99% used [0x00000000c0000000,0x00000000eaac0390,0x00000000eab00000)
 Metaspace       used 80191K, capacity 82640K, committed 84480K, reserved 1122304K
  class space    used 10224K, capacity 10635K, committed 11008K, reserved 1048576K
}
Event: 5372.547 GC heap before
{Heap before GC invocations=307 (full 213):
 PSYoungGen      total 229888K, used 116736K [0x00000000eab00000, 0x00000000ffd00000, 0x0000000100000000)
  eden space 116736K, 100% used [0x00000000eab00000,0x00000000f1d00000,0x00000000f1d00000)
  from space 113152K, 0% used [0x00000000f8e80000,0x00000000f8e80000,0x00000000ffd00000)
  to   space 114688K, 0% used [0x00000000f1d00000,0x00000000f1d00000,0x00000000f8d00000)
 ParOldGen       total 699392K, used 699136K [0x00000000c0000000, 0x00000000eab00000, 0x00000000eab00000)
  object space 699392K, 99% used [0x00000000c0000000,0x00000000eaac0390,0x00000000eab00000)
 Metaspace       used 80191K, capacity 82640K, committed 84480K, reserved 1122304K
  class space    used 10224K, capacity 10635K, committed 11008K, reserved 1048576K
Event: 5374.146 GC heap after
Heap after GC invocations=307 (full 213):
 PSYoungGen      total 229888K, used 116735K [0x00000000eab00000, 0x00000000ffd00000, 0x0000000100000000)
  eden space 116736K, 99% used [0x00000000eab00000,0x00000000f1cfffb0,0x00000000f1d00000)
  from space 113152K, 0% used [0x00000000f8e80000,0x00000000f8e80000,0x00000000ffd00000)
  to   space 114688K, 0% used [0x00000000f1d00000,0x00000000f1d00000,0x00000000f8d00000)
 ParOldGen       total 699392K, used 699136K [0x00000000c0000000, 0x00000000eab00000, 0x00000000eab00000)
  object space 699392K, 99% used [0x00000000c0000000,0x00000000eaac0390,0x00000000eab00000)
 Metaspace       used 80191K, capacity 82640K, committed 84480K, reserved 1122304K
  class space    used 10224K, capacity 10635K, committed 11008K, reserved 1048576K
}
Event: 5374.146 GC heap before
{Heap before GC invocations=308 (full 214):
 PSYoungGen      total 229888K, used 116736K [0x00000000eab00000, 0x00000000ffd00000, 0x0000000100000000)
  eden space 116736K, 100% used [0x00000000eab00000,0x00000000f1d00000,0x00000000f1d00000)
  from space 113152K, 0% used [0x00000000f8e80000,0x00000000f8e80000,0x00000000ffd00000)
  to   space 114688K, 0% used [0x00000000f1d00000,0x00000000f1d00000,0x00000000f8d00000)
 ParOldGen       total 699392K, used 699138K [0x00000000c0000000, 0x00000000eab00000, 0x00000000eab00000)
  object space 699392K, 99% used [0x00000000c0000000,0x00000000eaac0bb8,0x00000000eab00000)
 Metaspace       used 80191K, capacity 82640K, committed 84480K, reserved 1122304K
  class space    used 10224K, capacity 10635K, committed 11008K, reserved 1048576K
Event: 5376.199 GC heap after
Heap after GC invocations=308 (full 214):
 PSYoungGen      total 229888K, used 115199K [0x00000000eab00000, 0x00000000ffd00000, 0x0000000100000000)
  eden space 116736K, 98% used [0x00000000eab00000,0x00000000f1b7fe80,0x00000000f1d00000)
  from space 113152K, 0% used [0x00000000f8e80000,0x00000000f8e80000,0x00000000ffd00000)
  to   space 114688K, 0% used [0x00000000f1d00000,0x00000000f1d00000,0x00000000f8d00000)
 ParOldGen       total 699392K, used 699366K [0x00000000c0000000, 0x00000000eab00000, 0x00000000eab00000)
  object space 699392K, 99% used [0x00000000c0000000,0x00000000eaaf9af0,0x00000000eab00000)
 Metaspace       used 80034K, capacity 82394K, committed 84480K, reserved 1122304K
  class space    used 10183K, capacity 10572K, committed 11008K, reserved 1048576K
}

Deoptimization events (10 events):
Event: 5150.709 Thread 0x0000000057e22800 Uncommon trap: reason=class_check action=maybe_recompile pc=0x0000000004fa4604 method=com.android.jack.eclipse.jdt.internal.compiler.lookup.ReferenceBinding.canBeSeenBy(Lcom/android/jack/eclipse/jdt/internal/compiler/lookup/Scope;)Z @ 105
Event: 5150.762 Thread 0x0000000057e22800 Uncommon trap: reason=bimorphic action=maybe_recompile pc=0x0000000004ed57cc method=com.android.jack.ir.ast.JMethodIdWide.equals(Ljava/lang/String;Ljava/util/List;)Z @ 74
Event: 5151.185 Thread 0x0000000057e1c000 Uncommon trap: reason=class_check action=maybe_recompile pc=0x00000000029e71d8 method=java.lang.String.equals(Ljava/lang/Object;)Z @ 8
Event: 5151.456 Thread 0x0000000057e1c000 Uncommon trap: reason=unstable_if action=reinterpret pc=0x00000000051d50bc method=com.android.sched.scheduler.ScheduleInstance.applyFilters(Lcom/android/sched/scheduler/ComponentFilterSet;Lcom/android/sched/item/Component;)Lcom/android/sched/scheduler/Com
Event: 5151.870 Thread 0x0000000057e24000 Uncommon trap: reason=unstable_if action=reinterpret pc=0x000000000475cd48 method=java.io.ExpiringCache.put(Ljava/lang/String;Ljava/lang/String;)V @ 29
Event: 5151.871 Thread 0x0000000057e22000 Uncommon trap: reason=unstable_if action=reinterpret pc=0x000000000475cd48 method=java.io.ExpiringCache.put(Ljava/lang/String;Ljava/lang/String;)V @ 29
Event: 5153.065 Thread 0x0000000057e22800 Uncommon trap: reason=class_check action=maybe_recompile pc=0x0000000005879a4c method=java.io.BufferedOutputStream.write([BII)V @ 20
Event: 5153.065 Thread 0x0000000057e22800 Uncommon trap: reason=class_check action=maybe_recompile pc=0x00000000056dd318 method=java.io.BufferedOutputStream.write([BII)V @ 20
Event: 5165.896 Thread 0x0000000057e92000 Uncommon trap: reason=array_check action=maybe_recompile pc=0x0000000006436b40 method=java.util.TimSort.reverseRange([Ljava/lang/Object;II)V @ 27
Event: 5165.896 Thread 0x0000000057e92000 Uncommon trap: reason=array_check action=maybe_recompile pc=0x0000000006436b40 method=java.util.TimSort.reverseRange([Ljava/lang/Object;II)V @ 27

Internal exceptions (10 events):
Event: 5150.708 Thread 0x0000000057e22800 Implicit null exception at 0x0000000004d433d3 to 0x0000000004d44fba
Event: 5150.708 Thread 0x0000000057e22800 Exception <a 'java/lang/NullPointerException'> (0x00000000eca47dc0) thrown at [C:\re\workspace\8-2-build-windows-amd64-cygwin\jdk8u111\7883\hotspot\src\share\vm\runtime\sharedRuntime.cpp, line 605]
Event: 5150.708 Thread 0x0000000057e22800 Implicit null exception at 0x0000000004d433d3 to 0x0000000004d44fba
Event: 5150.708 Thread 0x0000000057e22800 Exception <a 'java/lang/NullPointerException'> (0x00000000eca48770) thrown at [C:\re\workspace\8-2-build-windows-amd64-cygwin\jdk8u111\7883\hotspot\src\share\vm\runtime\sharedRuntime.cpp, line 605]
Event: 5151.456 Thread 0x0000000057e1c000 Implicit null exception at 0x00000000051d4971 to 0x00000000051d5091
Event: 5165.892 Thread 0x0000000057e92000 Exception <a 'java/lang/NoSuchMethodError': <clinit>> (0x00000000eac2d028) thrown at [C:\re\workspace\8-2-build-windows-amd64-cygwin\jdk8u111\7883\hotspot\src\share\vm\prims\jni.cpp, line 1613]
Event: 5165.893 Thread 0x0000000057e92000 Exception <a 'java/lang/NoSuchMethodError': <clinit>> (0x00000000eac42e18) thrown at [C:\re\workspace\8-2-build-windows-amd64-cygwin\jdk8u111\7883\hotspot\src\share\vm\prims\jni.cpp, line 1613]
Event: 5165.896 Thread 0x0000000057e92000 Exception <a 'java/lang/NoSuchMethodError': <clinit>> (0x00000000eac70db8) thrown at [C:\re\workspace\8-2-build-windows-amd64-cygwin\jdk8u111\7883\hotspot\src\share\vm\prims\jni.cpp, line 1613]
Event: 5165.896 Thread 0x0000000057e92000 Exception <a 'java/lang/NoSuchMethodError': <clinit>> (0x00000000eac80fa8) thrown at [C:\re\workspace\8-2-build-windows-amd64-cygwin\jdk8u111\7883\hotspot\src\share\vm\prims\jni.cpp, line 1613]
Event: 5165.901 Thread 0x0000000057e92000 Exception <a 'java/lang/NoSuchMethodError': <clinit>> (0x00000000ead3c4c0) thrown at [C:\re\workspace\8-2-build-windows-amd64-cygwin\jdk8u111\7883\hotspot\src\share\vm\prims\jni.cpp, line 1613]

Events (10 events):
Event: 5367.715 Executing VM operation: ParallelGCFailedAllocation
Event: 5369.318 Executing VM operation: ParallelGCFailedAllocation done
Event: 5369.318 Executing VM operation: ParallelGCFailedAllocation
Event: 5370.943 Executing VM operation: ParallelGCFailedAllocation done
Event: 5370.943 Executing VM operation: ParallelGCFailedAllocation
Event: 5372.547 Executing VM operation: ParallelGCFailedAllocation done
Event: 5372.547 Executing VM operation: ParallelGCFailedAllocation
Event: 5374.146 Executing VM operation: ParallelGCFailedAllocation done
Event: 5374.146 Executing VM operation: ParallelGCFailedAllocation
Event: 5376.200 Executing VM operation: ParallelGCFailedAllocation done


Dynamic libraries:
0x000000013fb10000 - 0x000000013fb47000 	C:\Program Files\Java\jdk1.8.0_111\bin\java.exe
0x00000000770d0000 - 0x000000007727b000 	C:\Windows\SYSTEM32\ntdll.dll
0x0000000076fb0000 - 0x00000000770cf000 	C:\Windows\system32\kernel32.dll
0x000007fefd0e0000 - 0x000007fefd14b000 	C:\Windows\system32\KERNELBASE.dll
0x000007fefed60000 - 0x000007fefee3b000 	C:\Windows\system32\ADVAPI32.dll
0x000007fefe930000 - 0x000007fefe9cf000 	C:\Windows\system32\msvcrt.dll
0x000007fefd400000 - 0x000007fefd41f000 	C:\Windows\SYSTEM32\sechost.dll
0x000007fefd5e0000 - 0x000007fefd70e000 	C:\Windows\system32\RPCRT4.dll
0x0000000076eb0000 - 0x0000000076faa000 	C:\Windows\system32\USER32.dll
0x000007fefd440000 - 0x000007fefd4a7000 	C:\Windows\system32\GDI32.dll
0x000007feff0e0000 - 0x000007feff0ee000 	C:\Windows\system32\LPK.dll
0x000007fefef30000 - 0x000007fefeffa000 	C:\Windows\system32\USP10.dll
0x000007fefb880000 - 0x000007fefba74000 	C:\Windows\WinSxS\amd64_microsoft.windows.common-controls_6595b64144ccf1df_6.0.7600.16385_none_fa645303170382f6\COMCTL32.dll
0x000007fefe6a0000 - 0x000007fefe711000 	C:\Windows\system32\SHLWAPI.dll
0x000007fefd710000 - 0x000007fefd73e000 	C:\Windows\system32\IMM32.DLL
0x000007fefea70000 - 0x000007fefeb79000 	C:\Windows\system32\MSCTF.dll
0x00000000740c0000 - 0x0000000074192000 	C:\Program Files\Java\jdk1.8.0_111\jre\bin\msvcr100.dll
0x00000000741a0000 - 0x0000000074a3a000 	C:\Program Files\Java\jdk1.8.0_111\jre\bin\server\jvm.dll
0x000007feec9c0000 - 0x000007feec9c9000 	C:\Windows\system32\WSOCK32.dll
0x000007fefd8c0000 - 0x000007fefd90d000 	C:\Windows\system32\WS2_32.dll
0x000007feff170000 - 0x000007feff178000 	C:\Windows\system32\NSI.dll
0x000007fefaa60000 - 0x000007fefaa9b000 	C:\Windows\system32\WINMM.dll
0x000007fefc1a0000 - 0x000007fefc1ac000 	C:\Windows\system32\VERSION.dll
0x00000000772a0000 - 0x00000000772a7000 	C:\Windows\system32\PSAPI.DLL
0x00000000740b0000 - 0x00000000740bf000 	C:\Program Files\Java\jdk1.8.0_111\jre\bin\verify.dll
0x0000000074080000 - 0x00000000740a9000 	C:\Program Files\Java\jdk1.8.0_111\jre\bin\java.dll
0x0000000074060000 - 0x0000000074076000 	C:\Program Files\Java\jdk1.8.0_111\jre\bin\zip.dll
0x000007fefd910000 - 0x000007fefe696000 	C:\Windows\system32\SHELL32.dll
0x000007fefe720000 - 0x000007fefe921000 	C:\Windows\system32\ole32.dll
0x000007fefd030000 - 0x000007fefd03f000 	C:\Windows\system32\profapi.dll
0x0000000074040000 - 0x000000007405a000 	C:\Program Files\Java\jdk1.8.0_111\jre\bin\net.dll
0x000007fefc860000 - 0x000007fefc8b4000 	C:\Windows\system32\mswsock.dll
0x000007fefc850000 - 0x000007fefc857000 	C:\Windows\System32\wship6.dll
0x0000000074020000 - 0x0000000074031000 	C:\Program Files\Java\jdk1.8.0_111\jre\bin\nio.dll
0x000007feeb4e0000 - 0x000007feeb4f2000 	C:\Users\praful\.gradle\native\19\windows-amd64\native-platform.dll
0x000007fefc8c0000 - 0x000007fefc8d7000 	C:\Windows\system32\CRYPTSP.dll
0x000007fefc5c0000 - 0x000007fefc607000 	C:\Windows\system32\rsaenh.dll
0x000007fefc370000 - 0x000007fefc38e000 	C:\Windows\system32\USERENV.dll
0x000007fefcf20000 - 0x000007fefcf2f000 	C:\Windows\system32\CRYPTBASE.dll
0x000007fefb2e0000 - 0x000007fefb307000 	C:\Windows\system32\IPHLPAPI.DLL
0x000007fefb2a0000 - 0x000007fefb2ab000 	C:\Windows\system32\WINNSI.DLL
0x000007fefb200000 - 0x000007fefb211000 	C:\Windows\system32\dhcpcsvc6.DLL
0x000007fefb180000 - 0x000007fefb198000 	C:\Windows\system32\dhcpcsvc.DLL
0x0000000073e20000 - 0x0000000073e2d000 	C:\Program Files\Java\jdk1.8.0_111\jre\bin\management.dll
0x000007fefcec0000 - 0x000007fefcf17000 	C:\Windows\system32\apphelp.dll
0x0000000073d50000 - 0x0000000073d74000 	C:\Program Files\Java\jdk1.8.0_111\jre\bin\sunec.dll
0x0000000073d40000 - 0x0000000073d4b000 	C:\Program Files\Java\jdk1.8.0_111\jre\bin\sunmscapi.dll
0x000007fefd1f0000 - 0x000007fefd356000 	C:\Windows\system32\CRYPT32.dll
0x000007fefd0d0000 - 0x000007fefd0df000 	C:\Windows\system32\MSASN1.dll
0x000007fef78d0000 - 0x000007fef79f5000 	C:\Windows\system32\dbghelp.dll

VM Arguments:
jvm_args: -Xmx1024m -Dfile.encoding=windows-1252 -Duser.country=US -Duser.language=en -Duser.variant 
java_command: org.gradle.launcher.daemon.bootstrap.GradleDaemon 2.14.1
java_class_path (initial): C:\Users\praful\.gradle\wrapper\dists\gradle-2.14.1-all\8bnwg5hd3w55iofp58khbp6yv\gradle-2.14.1\lib\gradle-launcher-2.14.1.jar
Launcher Type: SUN_STANDARD

Environment Variables:
PATH=C:\ProgramData\Oracle\Java\javapath;C:\Windows\system32;C:\Windows;C:\Windows\System32\Wbem;C:\Windows\System32\WindowsPowerShell\v1.0\;E:\Praful\Praful\software\PortableGit\bin
USERNAME=praful
OS=Windows_NT
PROCESSOR_IDENTIFIER=Intel64 Family 6 Model 37 Stepping 5, GenuineIntel



---------------  S Y S T E M  ---------------

OS: Windows 7 , 64 bit Build 7600 (6.1.7600.16385)

CPU:total 4 (2 cores per cpu, 2 threads per core) family 6 model 37 stepping 5, cmov, cx8, fxsr, mmx, sse, sse2, sse3, ssse3, sse4.1, sse4.2, popcnt, ht, tsc, tscinvbit

Memory: 4k page, physical 6083912k(1930304k free), swap 12165928k(8096592k free)

vm_info: Java HotSpot(TM) 64-Bit Server VM (25.111-b14) for windows-amd64 JRE (1.8.0_111-b14), built on Sep 22 2016 19:24:05 by "java_re" with MS VC++ 10.0 (VS2010)

time: Wed Apr 12 17:44:39 2017
elapsed time: 5376 seconds (0d 1h 29m 36s)

